d:\project-jeu\serveur_user\debug\vc142.pdb
d:\project-jeu\serveur_user\debug\vc142.idb
d:\project-jeu\serveur_user\debug\stat.obj
d:\project-jeu\serveur_user\debug\perso.obj
d:\project-jeu\serveur_user\debug\stuff.obj
d:\project-jeu\serveur_user\debug\sac.obj
d:\project-jeu\serveur_user\debug\item.obj
d:\project-jeu\serveur_user\debug\enchant.obj
d:\project-jeu\serveur_user\debug\main.obj
d:\project-jeu\serveur_user\debug\persojson.obj
d:\project-jeu\serveur_user\debug\objectfile.obj
d:\project-jeu\serveur_user\debug\gestpersogen.obj
d:\project-jeu\serveur_user\debug\gestionbdd.obj
d:\project-jeu\serveur_user\debug\comservuser.obj
d:\project-jeu\debug\serveur_user.ilk
d:\project-jeu\debug\serveur_user.exe
d:\project-jeu\debug\serveur_user.pdb
d:\project-jeu\serveur_user\debug\serveur_user.tlog\cl.command.1.tlog
d:\project-jeu\serveur_user\debug\serveur_user.tlog\cl.read.1.tlog
d:\project-jeu\serveur_user\debug\serveur_user.tlog\cl.write.1.tlog
d:\project-jeu\serveur_user\debug\serveur_user.tlog\link.command.1.tlog
d:\project-jeu\serveur_user\debug\serveur_user.tlog\link.read.1.tlog
d:\project-jeu\serveur_user\debug\serveur_user.tlog\link.write.1.tlog
