d:\project-jeu\client\debug\vc142.pdb
d:\project-jeu\client\debug\vc142.idb
d:\project-jeu\client\debug\servtoclient.obj
d:\project-jeu\client\debug\clienttoserv.obj
d:\project-jeu\client\debug\stat.obj
d:\project-jeu\client\debug\perso.obj
d:\project-jeu\client\debug\menumain.obj
d:\project-jeu\client\debug\menucompte.obj
d:\project-jeu\client\debug\main.obj
d:\project-jeu\client\debug\stuff.obj
d:\project-jeu\client\debug\sac.obj
d:\project-jeu\client\debug\item.obj
d:\project-jeu\client\debug\enchant.obj
d:\project-jeu\client\debug\boutonkeyemail.obj
d:\project-jeu\client\debug\boutonkey.obj
d:\project-jeu\client\debug\bouton.obj
d:\project-jeu\debug\client.ilk
d:\project-jeu\debug\client.exe
d:\project-jeu\debug\client.pdb
d:\project-jeu\client\debug\client.tlog\cl.command.1.tlog
d:\project-jeu\client\debug\client.tlog\cl.read.1.tlog
d:\project-jeu\client\debug\client.tlog\cl.write.1.tlog
d:\project-jeu\client\debug\client.tlog\link.command.1.tlog
d:\project-jeu\client\debug\client.tlog\link.read.1.tlog
d:\project-jeu\client\debug\client.tlog\link.write.1.tlog
